d:\zousp\c应用\star_rail-master\imgui directx 11 kiero hook\x64\release\vc143.pdb
d:\zousp\c应用\star_rail-master\imgui directx 11 kiero hook\x64\release\ohk.obj
d:\zousp\c应用\star_rail-master\imgui directx 11 kiero hook\x64\release\mesum.obj
d:\zousp\c应用\star_rail-master\imgui directx 11 kiero hook\x64\release\main.obj
d:\zousp\c应用\star_rail-master\imgui directx 11 kiero hook\x64\release\logger.obj
d:\zousp\c应用\star_rail-master\imgui directx 11 kiero hook\x64\release\kntl.obj
d:\zousp\c应用\star_rail-master\imgui directx 11 kiero hook\x64\release\kiero.obj
d:\zousp\c应用\star_rail-master\imgui directx 11 kiero hook\x64\release\imgui_widgets.obj
d:\zousp\c应用\star_rail-master\imgui directx 11 kiero hook\x64\release\imgui_impl_win32.obj
d:\zousp\c应用\star_rail-master\imgui directx 11 kiero hook\x64\release\imgui_impl_dx11.obj
d:\zousp\c应用\star_rail-master\imgui directx 11 kiero hook\x64\release\imgui_draw.obj
d:\zousp\c应用\star_rail-master\imgui directx 11 kiero hook\x64\release\imgui_demo.obj
d:\zousp\c应用\star_rail-master\imgui directx 11 kiero hook\x64\release\imgui.obj
d:\zousp\c应用\star_rail-master\imgui directx 11 kiero hook\x64\release\hook.obj
d:\zousp\c应用\star_rail-master\imgui directx 11 kiero hook\x64\release\gm.obj
d:\zousp\c应用\star_rail-master\imgui directx 11 kiero hook\x64\release\globals.obj
d:\zousp\c应用\star_rail-master\imgui directx 11 kiero hook\x64\release\fpsunlock.obj
d:\zousp\c应用\star_rail-master\imgui directx 11 kiero hook\x64\release\e.obj
d:\zousp\c应用\star_rail-master\imgui directx 11 kiero hook\x64\release\bypassenable.obj
d:\zousp\c应用\star_rail-master\imgui directx 11 kiero hook\x64\release\bypass.obj
d:\zousp\c应用\star_rail-master\imgui directx 11 kiero hook\x64\release\autobattle.obj
d:\zousp\c应用\star_rail-master\imgui directx 11 kiero hook\x64\release\utils.obj
d:\zousp\c应用\star_rail-master\imgui directx 11 kiero hook\x64\release\ult.obj
d:\zousp\c应用\star_rail-master\imgui directx 11 kiero hook\x64\release\short.obj
d:\zousp\c应用\star_rail-master\imgui directx 11 kiero hook\x64\release\sh.obj
d:\zousp\c应用\star_rail-master\imgui directx 11 kiero hook\x64\release\player.obj
d:\zousp\c应用\star_rail-master\imgui directx 11 kiero hook\x64\release\trampoline.obj
d:\zousp\c应用\star_rail-master\imgui directx 11 kiero hook\x64\release\hde64.obj
d:\zousp\c应用\star_rail-master\imgui directx 11 kiero hook\x64\release\hde32.obj
d:\zousp\c应用\star_rail-master\imgui directx 11 kiero hook\x64\release\buffer.obj
d:\zousp\c应用\star_rail-master\imgui directx 11 kiero hook\x64\release\library.tlog\cl.command.1.tlog
d:\zousp\c应用\star_rail-master\imgui directx 11 kiero hook\x64\release\library.tlog\cl.read.1.tlog
d:\zousp\c应用\star_rail-master\imgui directx 11 kiero hook\x64\release\library.tlog\cl.write.1.tlog
d:\zousp\c应用\star_rail-master\imgui directx 11 kiero hook\x64\release\library.tlog\link.command.1.tlog
d:\zousp\c应用\star_rail-master\imgui directx 11 kiero hook\x64\release\library.tlog\link.read.1.tlog
d:\zousp\c应用\star_rail-master\imgui directx 11 kiero hook\x64\release\library.tlog\link.write.1.tlog
