C:\Program Files\Microsoft Visual Studio\2022\Community\MSBuild\Current\Bin\amd64\Microsoft.Common.CurrentVersion.targets(2116,5): warning : The referenced project '..\..\..\..\..\EasyPeasy-GC-master\EasyPeasy-GC-master\EasyPeasy-GC launcher\EasyPeasy-GC launcher.vcxproj' does not exist.
  autobattle.cpp
D:\zousp\c应用\star_rail-master\ImGui DirectX 11 Kiero Hook\autobattle.h(17,2): warning C4091: “typedef ”: 没有声明变量时忽略“GamePhase”的左侧
  bypass.cpp
  BypassEnable.cpp
  e.cpp
D:\zousp\c应用\star_rail-master\ImGui DirectX 11 Kiero Hook\autobattle.h(17,2): warning C4091: “typedef ”: 没有声明变量时忽略“GamePhase”的左侧
  FpsUnlock.cpp
D:\zousp\c应用\star_rail-master\ImGui DirectX 11 Kiero Hook\autobattle.h(17,2): warning C4091: “typedef ”: 没有声明变量时忽略“GamePhase”的左侧
  globals.cpp
  gm.cpp
D:\zousp\c应用\star_rail-master\ImGui DirectX 11 Kiero Hook\autobattle.h(17,2): warning C4091: “typedef ”: 没有声明变量时忽略“GamePhase”的左侧
D:\zousp\c应用\star_rail-master\ImGui DirectX 11 Kiero Hook\gm.cpp(22,50): warning C4305: “初始化”: 从“__int64”到“uint32_t”截断
D:\zousp\c应用\star_rail-master\ImGui DirectX 11 Kiero Hook\gm.cpp(22,37): warning C4309: “初始化”: 截断常量值
  hook.cpp
D:\zousp\c应用\star_rail-master\ImGui DirectX 11 Kiero Hook\autobattle.h(17,2): warning C4091: “typedef ”: 没有声明变量时忽略“GamePhase”的左侧
  imgui.cpp
  imgui_demo.cpp
  imgui_draw.cpp
  imgui_impl_dx11.cpp
  imgui_impl_win32.cpp
  imgui_widgets.cpp
  kiero.cpp
  kntl.cpp
  Logger.cpp
  main.cpp
D:\zousp\c应用\star_rail-master\ImGui DirectX 11 Kiero Hook\autobattle.h(17,2): warning C4091: “typedef ”: 没有声明变量时忽略“GamePhase”的左侧
  mesum.cpp
D:\zousp\c应用\star_rail-master\ImGui DirectX 11 Kiero Hook\autobattle.h(17,2): warning C4091: “typedef ”: 没有声明变量时忽略“GamePhase”的左侧
  ohk.cpp
D:\zousp\c应用\star_rail-master\ImGui DirectX 11 Kiero Hook\autobattle.h(17,2): warning C4091: “typedef ”: 没有声明变量时忽略“GamePhase”的左侧
  正在编译...
  player.cpp
D:\zousp\c应用\star_rail-master\ImGui DirectX 11 Kiero Hook\autobattle.h(17,2): warning C4091: “typedef ”: 没有声明变量时忽略“GamePhase”的左侧
  sh.cpp
D:\zousp\c应用\star_rail-master\ImGui DirectX 11 Kiero Hook\autobattle.h(17,2): warning C4091: “typedef ”: 没有声明变量时忽略“GamePhase”的左侧
  short.cpp
D:\zousp\c应用\star_rail-master\ImGui DirectX 11 Kiero Hook\autobattle.h(17,2): warning C4091: “typedef ”: 没有声明变量时忽略“GamePhase”的左侧
  ult.cpp
D:\zousp\c应用\star_rail-master\ImGui DirectX 11 Kiero Hook\autobattle.h(17,2): warning C4091: “typedef ”: 没有声明变量时忽略“GamePhase”的左侧
  utils.cpp
  buffer.c
  hde32.c
  hde64.c
  hook.c
  trampoline.c
x64\Release\hook.obj : warning LNK4042: 对象被多次指定；已忽略多余的指定
  正在生成代码
  Previous IPDB not found, fall back to full compilation.
  All 1294 functions were compiled because no usable IPDB/IOBJ from previous compilation was found.
  已完成代码的生成
  ImGui DirectX 11 Kiero Hook.vcxproj -> D:\zousp\c应用\star_rail-master\Build\Release(x64)\bin\bot.dll
